<?xml version="1.0" encoding="UTF-8"?>
<!-- Generated by org.testng.reporters.JUnitXMLReporter -->
<testsuite hostname="MIS-BillyY1" ignored="0" name="FoxRestAPITest" tests="15" failures="7" timestamp="25 Oct 2020 22:54:27 GMT" time="26.207" errors="0">
  <testcase name="checkContentType" time="0.002" classname="com.foxapi.testCases.TC001_REG_user"/>
  <testcase name="checkResposeBody" time="0.009" classname="com.foxapi.testCases.TC001_REG_user">
    <failure type="java.lang.AssertionError" message="expected [true] but found [false]">
      <![CDATA[java.lang.AssertionError: expected [true] but found [false]
at com.foxapi.testCases.TC001_REG_user.checkResposeBody(TC001_REG_user.java:97)
... Removed 34 stack frames]]>
    </failure>
  </testcase> <!-- checkResposeBody -->
  <testcase name="checkStatusCode" time="0.0" classname="com.foxapi.testCases.TC001_REG_user">
    <failure type="java.lang.AssertionError" message="expected [200] but found [403]">
      <![CDATA[java.lang.AssertionError: expected [200] but found [403]
at com.foxapi.testCases.TC001_REG_user.checkStatusCode(TC001_REG_user.java:107)
... Removed 34 stack frames]]>
    </failure>
  </testcase> <!-- checkStatusCode -->
  <testcase name="checkcontentEncoding" time="0.001" classname="com.foxapi.testCases.TC001_REG_user">
    <failure type="java.lang.AssertionError" message="expected [gzip] but found [null]">
      <![CDATA[java.lang.AssertionError: expected [gzip] but found [null]
at com.foxapi.testCases.TC001_REG_user.checkcontentEncoding(TC001_REG_user.java:129)
... Removed 34 stack frames]]>
    </failure>
  </testcase> <!-- checkcontentEncoding -->
  <testcase name="checkstatusLine" time="0.0" classname="com.foxapi.testCases.TC001_REG_user">
    <failure type="java.lang.AssertionError" message="expected [HTTP/1.1 200 OK] but found [HTTP/1.1 403 Forbidden]">
      <![CDATA[java.lang.AssertionError: expected [HTTP/1.1 200 OK] but found [HTTP/1.1 403 Forbidden]
at com.foxapi.testCases.TC001_REG_user.checkstatusLine(TC001_REG_user.java:114)
... Removed 34 stack frames]]>
    </failure>
  </testcase> <!-- checkstatusLine -->
  <testcase name="checkContentType" time="0.013" classname="com.foxapi.testCases.TC002_LOGIN_user"/>
  <testcase name="checkResponseTime" time="0.001" classname="com.foxapi.testCases.TC002_LOGIN_user"/>
  <testcase name="checkResposeBody" time="0.002" classname="com.foxapi.testCases.TC002_LOGIN_user">
    <failure type="java.lang.AssertionError" message="expected [true] but found [false]">
      <![CDATA[java.lang.AssertionError: expected [true] but found [false]
at com.foxapi.testCases.TC002_LOGIN_user.checkResposeBody(TC002_LOGIN_user.java:82)
... Removed 34 stack frames]]>
    </failure>
  </testcase> <!-- checkResposeBody -->
  <testcase name="checkStatusCode" time="0.0" classname="com.foxapi.testCases.TC002_LOGIN_user">
    <failure type="java.lang.AssertionError" message="expected [200] but found [403]">
      <![CDATA[java.lang.AssertionError: expected [200] but found [403]
at com.foxapi.testCases.TC002_LOGIN_user.checkStatusCode(TC002_LOGIN_user.java:90)
... Removed 34 stack frames]]>
    </failure>
  </testcase> <!-- checkStatusCode -->
  <testcase name="checkstatusLine" time="0.0" classname="com.foxapi.testCases.TC002_LOGIN_user">
    <failure type="java.lang.AssertionError" message="expected [HTTP/1.1 200 OK] but found [HTTP/1.1 403 Forbidden]">
      <![CDATA[java.lang.AssertionError: expected [HTTP/1.1 200 OK] but found [HTTP/1.1 403 Forbidden]
at com.foxapi.testCases.TC002_LOGIN_user.checkstatusLine(TC002_LOGIN_user.java:107)
... Removed 34 stack frames]]>
    </failure>
  </testcase> <!-- checkstatusLine -->
  <testcase name="checkContentType" time="0.0" classname="com.foxapi.testCases.TC003_RESET_password"/>
  <testcase name="checkResponseTime" time="0.0" classname="com.foxapi.testCases.TC003_RESET_password"/>
  <testcase name="checkResposeBody" time="0.001" classname="com.foxapi.testCases.TC003_RESET_password"/>
  <testcase name="checkStatusCode" time="0.0" classname="com.foxapi.testCases.TC003_RESET_password"/>
  <testcase name="checkstatusLine" time="0.0" classname="com.foxapi.testCases.TC003_RESET_password"/>
</testsuite> <!-- FoxRestAPITest -->
