<?xml version="1.0" encoding="UTF-8"?>
<testsuite name="TestSuite" time="0.059" tests="15" errors="0" skipped="0" failures="7">
  <properties>
[...]
</properties>
  <testcase name="checkContentType" classname="com.foxapi.testCases.TC001_REG_user" time="0.016"/>
  <testcase name="checkResposeBody" classname="com.foxapi.testCases.TC001_REG_user" time="0.014">
    <failure message="expected [true] but found [false]" type="java.lang.AssertionError">java.lang.AssertionError: expected [true] but found [false]
	at org.testng.Assert.fail(Assert.java:96)
	at org.testng.Assert.failNotEquals(Assert.java:776)
	at org.testng.Assert.assertEqualsImpl(Assert.java:137)
	at org.testng.Assert.assertEquals(Assert.java:118)
	at org.testng.Assert.assertEquals(Assert.java:568)
	at org.testng.Assert.assertEquals(Assert.java:578)
	at com.foxapi.testCases.TC001_REG_user.checkResposeBody(TC001_REG_user.java:97)
</failure>
    <system-out><![CDATA[responseBody is :{"message":"Forbidden"}
]]></system-out>
  </testcase>
  <testcase name="checkStatusCode" classname="com.foxapi.testCases.TC001_REG_user" time="0">
    <failure message="expected [200] but found [403]" type="java.lang.AssertionError">java.lang.AssertionError: expected [200] but found [403]
	at org.testng.Assert.fail(Assert.java:96)
	at org.testng.Assert.failNotEquals(Assert.java:776)
	at org.testng.Assert.assertEqualsImpl(Assert.java:137)
	at org.testng.Assert.assertEquals(Assert.java:118)
	at org.testng.Assert.assertEquals(Assert.java:652)
	at org.testng.Assert.assertEquals(Assert.java:662)
	at com.foxapi.testCases.TC001_REG_user.checkStatusCode(TC001_REG_user.java:107)
</failure>
  </testcase>
  <testcase name="checkcontentEncoding" classname="com.foxapi.testCases.TC001_REG_user" time="0.001">
    <failure message="expected [gzip] but found [null]" type="java.lang.AssertionError">java.lang.AssertionError: expected [gzip] but found [null]
	at org.testng.Assert.fail(Assert.java:96)
	at org.testng.Assert.failNotEquals(Assert.java:776)
	at org.testng.Assert.assertEqualsImpl(Assert.java:132)
	at org.testng.Assert.assertEquals(Assert.java:118)
	at org.testng.Assert.assertEquals(Assert.java:453)
	at org.testng.Assert.assertEquals(Assert.java:463)
	at com.foxapi.testCases.TC001_REG_user.checkcontentEncoding(TC001_REG_user.java:129)
</failure>
  </testcase>
  <testcase name="checkstatusLine" classname="com.foxapi.testCases.TC001_REG_user" time="0.002">
    <failure message="expected [HTTP/1.1 200 OK] but found [HTTP/1.1 403 Forbidden]" type="java.lang.AssertionError">java.lang.AssertionError: expected [HTTP/1.1 200 OK] but found [HTTP/1.1 403 Forbidden]
	at org.testng.Assert.fail(Assert.java:96)
	at org.testng.Assert.failNotEquals(Assert.java:776)
	at org.testng.Assert.assertEqualsImpl(Assert.java:137)
	at org.testng.Assert.assertEquals(Assert.java:118)
	at org.testng.Assert.assertEquals(Assert.java:453)
	at org.testng.Assert.assertEquals(Assert.java:463)
	at com.foxapi.testCases.TC001_REG_user.checkstatusLine(TC001_REG_user.java:114)
</failure>
  </testcase>
  <testcase name="checkContentType" classname="com.foxapi.testCases.TC002_LOGIN_user" time="0.014"/>
  <testcase name="checkResponseTime" classname="com.foxapi.testCases.TC002_LOGIN_user" time="0.001"/>
  <testcase name="checkResposeBody" classname="com.foxapi.testCases.TC002_LOGIN_user" time="0.004">
    <failure message="expected [true] but found [false]" type="java.lang.AssertionError">java.lang.AssertionError: expected [true] but found [false]
	at org.testng.Assert.fail(Assert.java:96)
	at org.testng.Assert.failNotEquals(Assert.java:776)
	at org.testng.Assert.assertEqualsImpl(Assert.java:137)
	at org.testng.Assert.assertEquals(Assert.java:118)
	at org.testng.Assert.assertEquals(Assert.java:568)
	at org.testng.Assert.assertEquals(Assert.java:578)
	at com.foxapi.testCases.TC002_LOGIN_user.checkResposeBody(TC002_LOGIN_user.java:82)
</failure>
  </testcase>
  <testcase name="checkStatusCode" classname="com.foxapi.testCases.TC002_LOGIN_user" time="0.003">
    <failure message="expected [200] but found [403]" type="java.lang.AssertionError">java.lang.AssertionError: expected [200] but found [403]
	at org.testng.Assert.fail(Assert.java:96)
	at org.testng.Assert.failNotEquals(Assert.java:776)
	at org.testng.Assert.assertEqualsImpl(Assert.java:137)
	at org.testng.Assert.assertEquals(Assert.java:118)
	at org.testng.Assert.assertEquals(Assert.java:652)
	at org.testng.Assert.assertEquals(Assert.java:662)
	at com.foxapi.testCases.TC002_LOGIN_user.checkStatusCode(TC002_LOGIN_user.java:90)
</failure>
  </testcase>
  <testcase name="checkstatusLine" classname="com.foxapi.testCases.TC002_LOGIN_user" time="0.003">
    <failure message="expected [HTTP/1.1 200 OK] but found [HTTP/1.1 403 Forbidden]" type="java.lang.AssertionError">java.lang.AssertionError: expected [HTTP/1.1 200 OK] but found [HTTP/1.1 403 Forbidden]
	at org.testng.Assert.fail(Assert.java:96)
	at org.testng.Assert.failNotEquals(Assert.java:776)
	at org.testng.Assert.assertEqualsImpl(Assert.java:137)
	at org.testng.Assert.assertEquals(Assert.java:118)
	at org.testng.Assert.assertEquals(Assert.java:453)
	at org.testng.Assert.assertEquals(Assert.java:463)
	at com.foxapi.testCases.TC002_LOGIN_user.checkstatusLine(TC002_LOGIN_user.java:107)
</failure>
  </testcase>
  <testcase name="checkContentType" classname="com.foxapi.testCases.TC003_RESET_password" time="0"/>
  <testcase name="checkResponseTime" classname="com.foxapi.testCases.TC003_RESET_password" time="0"/>
  <testcase name="checkResposeBody" classname="com.foxapi.testCases.TC003_RESET_password" time="0.001"/>
  <testcase name="checkStatusCode" classname="com.foxapi.testCases.TC003_RESET_password" time="0"/>
  <testcase name="checkstatusLine" classname="com.foxapi.testCases.TC003_RESET_password" time="0"/>
</testsuite>